============================================================
TimestampUtc: 2026-05-03T07:13:00.7832070+00:00
TraceId: 00-4393a6cb0f8a19d1852afa91b47e1f6b-a2870c7ff3e9000f-00
Request: GET /api/forecast?startsAtUtc=2026-05-03T07%3A00%3A00.000Z&hours=24
RemoteIp: ::1
ExceptionType: System.ArgumentException
Message: Tibber-Preise, PV-Prognose und Verbrauchsprognose muessen dieselben Forecast-Zeitabschnitte enthalten.
StackTrace:
System.ArgumentException: Tibber-Preise, PV-Prognose und Verbrauchsprognose muessen dieselben Forecast-Zeitabschnitte enthalten.
   at TibberVictronController.Business.Decisions.BatteryForecastSimulator.ValidateMatchingTimeSlots(IReadOnlyList`1 priceForecast, IReadOnlyList`1 pvForecast, IReadOnlyList`1 consumptionForecast) in C:\Users\torst\source\repos\tibber-victron-controller\AI-FIRST\src\TibberVictronController.Business\Decisions\BatteryForecastSimulator.cs:line 592
   at TibberVictronController.Business.Decisions.BatteryForecastSimulator.ValidateInputs(IReadOnlyList`1 priceForecast, IReadOnlyList`1 pvForecast, IReadOnlyList`1 consumptionForecast, BatteryState initialBatteryState, BatteryConfiguration batteryConfiguration, Decimal feedInCompensationPricePerKwh) in C:\Users\torst\source\repos\tibber-victron-controller\AI-FIRST\src\TibberVictronController.Business\Decisions\BatteryForecastSimulator.cs:line 578
   at TibberVictronController.Business.Decisions.BatteryForecastSimulator.Simulate(IReadOnlyList`1 priceForecast, IReadOnlyList`1 pvForecast, IReadOnlyList`1 consumptionForecast, BatteryState initialBatteryState, BatteryConfiguration batteryConfiguration, Decimal feedInCompensationPricePerKwh) in C:\Users\torst\source\repos\tibber-victron-controller\AI-FIRST\src\TibberVictronController.Business\Decisions\BatteryForecastSimulator.cs:line 27
   at TibberVictronController.Business.Decisions.BatteryForecastService.CalculateForecastAsync(DateTimeOffset startsAtUtc, DateTimeOffset endsAtUtc, CancellationToken cancellationToken) in C:\Users\torst\source\repos\tibber-victron-controller\AI-FIRST\src\TibberVictronController.Business\Decisions\BatteryForecastService.cs:line 80
   at TibberVictronController.Api.Forecast.ForecastEndpoints.GetForecastAsync(DateTimeOffset startsAtUtc, Int32 hours, IBatteryForecastService forecastService, CancellationToken cancellationToken) in C:\Users\torst\source\repos\tibber-victron-controller\AI-FIRST\src\TibberVictronController.Api\Forecast\ForecastEndpoints.cs:line 49
   at Microsoft.AspNetCore.Http.RequestDelegateFactory.ExecuteTaskResult[T](Task`1 task, HttpContext httpContext)
   at TibberVictronController.Api.Diagnostics.FileExceptionLoggingMiddleware.InvokeAsync(HttpContext httpContext) in C:\Users\torst\source\repos\tibber-victron-controller\AI-FIRST\src\TibberVictronController.Api\Diagnostics\FileExceptionLoggingMiddleware.cs:line 35

============================================================
TimestampUtc: 2026-05-03T07:15:08.3097741+00:00
TraceId: 00-371729ba931245a41f635be2429c625e-80fbb1a74ebaa6f8-00
Request: GET /api/forecast?startsAtUtc=2026-05-03T07%3A00%3A00.000Z&hours=24
RemoteIp: ::1
ExceptionType: System.Net.Http.HttpRequestException
Message: Ein Verbindungsversuch ist fehlgeschlagen, da die Gegenstelle nach einer bestimmten Zeitspanne nicht richtig reagiert hat, oder die hergestellte Verbindung war fehlerhaft, da der verbundene Host nicht reagiert hat. (api.tibber.com:443)
StackTrace:
System.Net.Http.HttpRequestException: Ein Verbindungsversuch ist fehlgeschlagen, da die Gegenstelle nach einer bestimmten Zeitspanne nicht richtig reagiert hat, oder die hergestellte Verbindung war fehlerhaft, da der verbundene Host nicht reagiert hat. (api.tibber.com:443)
 ---> System.Net.Sockets.SocketException (10060): Ein Verbindungsversuch ist fehlgeschlagen, da die Gegenstelle nach einer bestimmten Zeitspanne nicht richtig reagiert hat, oder die hergestellte Verbindung war fehlerhaft, da der verbundene Host nicht reagiert hat.
   at System.Net.Sockets.Socket.AwaitableSocketAsyncEventArgs.ThrowException(SocketError error, CancellationToken cancellationToken)
   at System.Net.Sockets.Socket.AwaitableSocketAsyncEventArgs.System.Threading.Tasks.Sources.IValueTaskSource.GetResult(Int16 token)
   at System.Net.Http.HttpConnectionPool.ConnectToTcpHostAsync(String host, Int32 port, HttpRequestMessage initialRequest, Boolean async, CancellationToken cancellationToken)
   --- End of inner exception stack trace ---
   at System.Net.Http.HttpConnectionPool.ConnectToTcpHostAsync(String host, Int32 port, HttpRequestMessage initialRequest, Boolean async, CancellationToken cancellationToken)
   at System.Net.Http.HttpConnectionPool.ConnectAsync(HttpRequestMessage request, Boolean async, CancellationToken cancellationToken)
   at System.Net.Http.HttpConnectionPool.CreateHttp11ConnectionAsync(HttpRequestMessage request, Boolean async, CancellationToken cancellationToken)
   at System.Net.Http.HttpConnectionPool.InjectNewHttp11ConnectionAsync(QueueItem queueItem)
   at System.Threading.Tasks.TaskCompletionSourceWithCancellation`1.WaitWithCancellationAsync(CancellationToken cancellationToken)
   at System.Net.Http.HttpConnectionWaiter`1.WaitForConnectionWithTelemetryAsync(HttpRequestMessage request, HttpConnectionPool pool, Boolean async, CancellationToken requestCancellationToken)
   at System.Net.Http.HttpConnectionPool.SendWithVersionDetectionAndRetryAsync(HttpRequestMessage request, Boolean async, Boolean doRequestAuth, CancellationToken cancellationToken)
   at System.Net.Http.DiagnosticsHandler.SendAsyncCore(HttpRequestMessage request, Boolean async, CancellationToken cancellationToken)
   at System.Net.Http.RedirectHandler.SendAsync(HttpRequestMessage request, Boolean async, CancellationToken cancellationToken)
   at Microsoft.Extensions.Http.Logging.LoggingHttpMessageHandler.<SendCoreAsync>g__Core|4_0(HttpRequestMessage request, Boolean useAsync, CancellationToken cancellationToken)
   at Microsoft.Extensions.Http.Logging.LoggingScopeHttpMessageHandler.<SendCoreAsync>g__Core|4_0(HttpRequestMessage request, Boolean useAsync, CancellationToken cancellationToken)
   at System.Net.Http.HttpClient.<SendAsync>g__Core|83_0(HttpRequestMessage request, HttpCompletionOption completionOption, CancellationTokenSource cts, Boolean disposeCts, CancellationTokenSource pendingRequestsCts, CancellationToken originalCancellationToken)
   at TibberVictronController.Dal.Tibber.TibberPriceForecastProvider.ExecuteGraphQlRequestAsync(String apiEndpoint, String accessToken, CancellationToken cancellationToken) in C:\Users\torst\source\repos\tibber-victron-controller\AI-FIRST\src\TibberVictronController.Dal\Tibber\TibberPriceForecastProvider.cs:line 96
   at TibberVictronController.Dal.Tibber.TibberPriceForecastProvider.GetPriceForecastAsync(DateTimeOffset startsAtUtc, DateTimeOffset endsAtUtc, CancellationToken cancellationToken) in C:\Users\torst\source\repos\tibber-victron-controller\AI-FIRST\src\TibberVictronController.Dal\Tibber\TibberPriceForecastProvider.cs:line 57
   at TibberVictronController.Business.Decisions.BatteryForecastService.CalculateForecastAsync(DateTimeOffset startsAtUtc, DateTimeOffset endsAtUtc, CancellationToken cancellationToken) in C:\Users\torst\source\repos\tibber-victron-controller\AI-FIRST\src\TibberVictronController.Business\Decisions\BatteryForecastService.cs:line 74
   at TibberVictronController.Api.Forecast.ForecastEndpoints.GetForecastAsync(DateTimeOffset startsAtUtc, Int32 hours, IBatteryForecastService forecastService, CancellationToken cancellationToken) in C:\Users\torst\source\repos\tibber-victron-controller\AI-FIRST\src\TibberVictronController.Api\Forecast\ForecastEndpoints.cs:line 49
   at Microsoft.AspNetCore.Http.RequestDelegateFactory.ExecuteTaskResult[T](Task`1 task, HttpContext httpContext)
   at TibberVictronController.Api.Diagnostics.FileExceptionLoggingMiddleware.InvokeAsync(HttpContext httpContext) in C:\Users\torst\source\repos\tibber-victron-controller\AI-FIRST\src\TibberVictronController.Api\Diagnostics\FileExceptionLoggingMiddleware.cs:line 35

============================================================
TimestampUtc: 2026-05-03T07:16:11.8430085+00:00
TraceId: 00-3d847ecf3eccfea2adefb9acff9bb643-a7d8c3058c79e98b-00
Request: GET /api/forecast?startsAtUtc=2026-05-03T07%3A00%3A00.000Z&hours=24
RemoteIp: ::1
ExceptionType: System.ArgumentException
Message: Tibber-Preise, PV-Prognose und Verbrauchsprognose muessen dieselben Forecast-Zeitabschnitte enthalten.
StackTrace:
System.ArgumentException: Tibber-Preise, PV-Prognose und Verbrauchsprognose muessen dieselben Forecast-Zeitabschnitte enthalten.
   at TibberVictronController.Business.Decisions.BatteryForecastSimulator.ValidateMatchingTimeSlots(IReadOnlyList`1 priceForecast, IReadOnlyList`1 pvForecast, IReadOnlyList`1 consumptionForecast) in C:\Users\torst\source\repos\tibber-victron-controller\AI-FIRST\src\TibberVictronController.Business\Decisions\BatteryForecastSimulator.cs:line 592
   at TibberVictronController.Business.Decisions.BatteryForecastSimulator.ValidateInputs(IReadOnlyList`1 priceForecast, IReadOnlyList`1 pvForecast, IReadOnlyList`1 consumptionForecast, BatteryState initialBatteryState, BatteryConfiguration batteryConfiguration, Decimal feedInCompensationPricePerKwh) in C:\Users\torst\source\repos\tibber-victron-controller\AI-FIRST\src\TibberVictronController.Business\Decisions\BatteryForecastSimulator.cs:line 578
   at TibberVictronController.Business.Decisions.BatteryForecastSimulator.Simulate(IReadOnlyList`1 priceForecast, IReadOnlyList`1 pvForecast, IReadOnlyList`1 consumptionForecast, BatteryState initialBatteryState, BatteryConfiguration batteryConfiguration, Decimal feedInCompensationPricePerKwh) in C:\Users\torst\source\repos\tibber-victron-controller\AI-FIRST\src\TibberVictronController.Business\Decisions\BatteryForecastSimulator.cs:line 27
   at TibberVictronController.Business.Decisions.BatteryForecastService.CalculateForecastAsync(DateTimeOffset startsAtUtc, DateTimeOffset endsAtUtc, CancellationToken cancellationToken) in C:\Users\torst\source\repos\tibber-victron-controller\AI-FIRST\src\TibberVictronController.Business\Decisions\BatteryForecastService.cs:line 80
   at TibberVictronController.Api.Forecast.ForecastEndpoints.GetForecastAsync(DateTimeOffset startsAtUtc, Int32 hours, IBatteryForecastService forecastService, CancellationToken cancellationToken) in C:\Users\torst\source\repos\tibber-victron-controller\AI-FIRST\src\TibberVictronController.Api\Forecast\ForecastEndpoints.cs:line 49
   at Microsoft.AspNetCore.Http.RequestDelegateFactory.ExecuteTaskResult[T](Task`1 task, HttpContext httpContext)
   at TibberVictronController.Api.Diagnostics.FileExceptionLoggingMiddleware.InvokeAsync(HttpContext httpContext) in C:\Users\torst\source\repos\tibber-victron-controller\AI-FIRST\src\TibberVictronController.Api\Diagnostics\FileExceptionLoggingMiddleware.cs:line 35

============================================================
TimestampUtc: 2026-05-03T07:17:14.7807775+00:00
TraceId: 00-96dac350a23098d720e798adb891880d-ffe9c179bcda4ef4-00
Request: GET /api/forecast?startsAtUtc=2026-05-03T07%3A00%3A00.000Z&hours=24
RemoteIp: ::1
ExceptionType: System.ArgumentException
Message: Tibber-Preise, PV-Prognose und Verbrauchsprognose muessen dieselben Forecast-Zeitabschnitte enthalten.
StackTrace:
System.ArgumentException: Tibber-Preise, PV-Prognose und Verbrauchsprognose muessen dieselben Forecast-Zeitabschnitte enthalten.
   at TibberVictronController.Business.Decisions.BatteryForecastSimulator.ValidateMatchingTimeSlots(IReadOnlyList`1 priceForecast, IReadOnlyList`1 pvForecast, IReadOnlyList`1 consumptionForecast) in C:\Users\torst\source\repos\tibber-victron-controller\AI-FIRST\src\TibberVictronController.Business\Decisions\BatteryForecastSimulator.cs:line 592
   at TibberVictronController.Business.Decisions.BatteryForecastSimulator.ValidateInputs(IReadOnlyList`1 priceForecast, IReadOnlyList`1 pvForecast, IReadOnlyList`1 consumptionForecast, BatteryState initialBatteryState, BatteryConfiguration batteryConfiguration, Decimal feedInCompensationPricePerKwh) in C:\Users\torst\source\repos\tibber-victron-controller\AI-FIRST\src\TibberVictronController.Business\Decisions\BatteryForecastSimulator.cs:line 578
   at TibberVictronController.Business.Decisions.BatteryForecastSimulator.Simulate(IReadOnlyList`1 priceForecast, IReadOnlyList`1 pvForecast, IReadOnlyList`1 consumptionForecast, BatteryState initialBatteryState, BatteryConfiguration batteryConfiguration, Decimal feedInCompensationPricePerKwh) in C:\Users\torst\source\repos\tibber-victron-controller\AI-FIRST\src\TibberVictronController.Business\Decisions\BatteryForecastSimulator.cs:line 27
   at TibberVictronController.Business.Decisions.BatteryForecastService.CalculateForecastAsync(DateTimeOffset startsAtUtc, DateTimeOffset endsAtUtc, CancellationToken cancellationToken) in C:\Users\torst\source\repos\tibber-victron-controller\AI-FIRST\src\TibberVictronController.Business\Decisions\BatteryForecastService.cs:line 80
   at TibberVictronController.Api.Forecast.ForecastEndpoints.GetForecastAsync(DateTimeOffset startsAtUtc, Int32 hours, IBatteryForecastService forecastService, CancellationToken cancellationToken) in C:\Users\torst\source\repos\tibber-victron-controller\AI-FIRST\src\TibberVictronController.Api\Forecast\ForecastEndpoints.cs:line 53
   at Microsoft.AspNetCore.Http.RequestDelegateFactory.ExecuteTaskResult[T](Task`1 task, HttpContext httpContext)
   at TibberVictronController.Api.Diagnostics.FileExceptionLoggingMiddleware.InvokeAsync(HttpContext httpContext) in C:\Users\torst\source\repos\tibber-victron-controller\AI-FIRST\src\TibberVictronController.Api\Diagnostics\FileExceptionLoggingMiddleware.cs:line 35

============================================================
TimestampUtc: 2026-05-03T07:18:16.9356387+00:00
TraceId: 00-32847dc93ddf36ff4a01eb6fbe2205c1-b1483bf5073bffeb-00
Request: GET /api/forecast?startsAtUtc=2026-05-03T07%3A00%3A00.000Z&hours=24
RemoteIp: ::1
ExceptionType: System.ArgumentException
Message: Tibber-Preise, PV-Prognose und Verbrauchsprognose muessen dieselben Forecast-Zeitabschnitte enthalten.
StackTrace:
System.ArgumentException: Tibber-Preise, PV-Prognose und Verbrauchsprognose muessen dieselben Forecast-Zeitabschnitte enthalten.
   at TibberVictronController.Business.Decisions.BatteryForecastSimulator.ValidateMatchingTimeSlots(IReadOnlyList`1 priceForecast, IReadOnlyList`1 pvForecast, IReadOnlyList`1 consumptionForecast) in C:\Users\torst\source\repos\tibber-victron-controller\AI-FIRST\src\TibberVictronController.Business\Decisions\BatteryForecastSimulator.cs:line 592
   at TibberVictronController.Business.Decisions.BatteryForecastSimulator.ValidateInputs(IReadOnlyList`1 priceForecast, IReadOnlyList`1 pvForecast, IReadOnlyList`1 consumptionForecast, BatteryState initialBatteryState, BatteryConfiguration batteryConfiguration, Decimal feedInCompensationPricePerKwh) in C:\Users\torst\source\repos\tibber-victron-controller\AI-FIRST\src\TibberVictronController.Business\Decisions\BatteryForecastSimulator.cs:line 578
   at TibberVictronController.Business.Decisions.BatteryForecastSimulator.Simulate(IReadOnlyList`1 priceForecast, IReadOnlyList`1 pvForecast, IReadOnlyList`1 consumptionForecast, BatteryState initialBatteryState, BatteryConfiguration batteryConfiguration, Decimal feedInCompensationPricePerKwh) in C:\Users\torst\source\repos\tibber-victron-controller\AI-FIRST\src\TibberVictronController.Business\Decisions\BatteryForecastSimulator.cs:line 27
   at TibberVictronController.Business.Decisions.BatteryForecastService.CalculateForecastAsync(DateTimeOffset startsAtUtc, DateTimeOffset endsAtUtc, CancellationToken cancellationToken) in C:\Users\torst\source\repos\tibber-victron-controller\AI-FIRST\src\TibberVictronController.Business\Decisions\BatteryForecastService.cs:line 80
   at TibberVictronController.Api.Forecast.ForecastEndpoints.GetForecastAsync(DateTimeOffset startsAtUtc, Int32 hours, IBatteryForecastService forecastService, CancellationToken cancellationToken) in C:\Users\torst\source\repos\tibber-victron-controller\AI-FIRST\src\TibberVictronController.Api\Forecast\ForecastEndpoints.cs:line 53
   at Microsoft.AspNetCore.Http.RequestDelegateFactory.ExecuteTaskResult[T](Task`1 task, HttpContext httpContext)
   at TibberVictronController.Api.Diagnostics.FileExceptionLoggingMiddleware.InvokeAsync(HttpContext httpContext) in C:\Users\torst\source\repos\tibber-victron-controller\AI-FIRST\src\TibberVictronController.Api\Diagnostics\FileExceptionLoggingMiddleware.cs:line 35

